Configuring http-date-0.0.4...
Building http-date-0.0.4...
Preprocessing library http-date-0.0.4...
[1 of 5] Compiling Network.HTTP.Date.Types ( Network/HTTP/Date/Types.hs, dist/dist-sandbox-b8889c56/build/Network/HTTP/Date/Types.o )
[2 of 5] Compiling Network.HTTP.Date.Converter ( Network/HTTP/Date/Converter.hs, dist/dist-sandbox-b8889c56/build/Network/HTTP/Date/Converter.o )
[3 of 5] Compiling Network.HTTP.Date.Formatter ( Network/HTTP/Date/Formatter.hs, dist/dist-sandbox-b8889c56/build/Network/HTTP/Date/Formatter.o )
[4 of 5] Compiling Network.HTTP.Date.Parser ( Network/HTTP/Date/Parser.hs, dist/dist-sandbox-b8889c56/build/Network/HTTP/Date/Parser.o )

Network/HTTP/Date/Parser.hs:7:1: Warning:
    Module ‘Data.Attoparsec’ is deprecated:
      This module will be removed in the next major release.

Network/HTTP/Date/Parser.hs:8:1: Warning:
    Module ‘Data.Attoparsec.Char8’ is deprecated:
      This module will be removed in the next major release.
[5 of 5] Compiling Network.HTTP.Date ( Network/HTTP/Date.hs, dist/dist-sandbox-b8889c56/build/Network/HTTP/Date.o )
In-place registering http-date-0.0.4...
Creating package registration file:
/var/folders/qd/vm7f_fl17q1gd05l263b9g440000gn/T/pkgConf-http-date-0.034682.4
Installing library in
/Users/orodio/haskell/hello-scotty/.cabal-sandbox/lib/x86_64-osx-ghc-7.8.4/http-date-0.0.4
Registering http-date-0.0.4...
