Configuring wai-extra-3.0.4.1...
Building wai-extra-3.0.4.1...
Preprocessing library wai-extra-3.0.4.1...
[ 1 of 22] Compiling Network.Wai.EventSource.EventStream ( Network/Wai/EventSource/EventStream.hs, dist/dist-sandbox-b8889c56/build/Network/Wai/EventSource/EventStream.o )
[ 2 of 22] Compiling Network.Wai.EventSource ( Network/Wai/EventSource.hs, dist/dist-sandbox-b8889c56/build/Network/Wai/EventSource.o )

Network/Wai/EventSource.hs:11:1: Warning:
    The import of ‘Blaze.ByteString.Builder’ is redundant
      except perhaps to import instances from ‘Blaze.ByteString.Builder’
    To import instances alone, use: import Blaze.ByteString.Builder()

Network/Wai/EventSource.hs:16:1: Warning:
    The import of ‘Response’ from module ‘Network.Wai’ is redundant
[ 3 of 22] Compiling Network.Wai.Test ( Network/Wai/Test.hs, dist/dist-sandbox-b8889c56/build/Network/Wai/Test.o )
[ 4 of 22] Compiling Network.Wai.UrlMap ( Network/Wai/UrlMap.hs, dist/dist-sandbox-b8889c56/build/Network/Wai/UrlMap.o )
[ 5 of 22] Compiling Network.Wai.Middleware.StreamFile ( Network/Wai/Middleware/StreamFile.hs, dist/dist-sandbox-b8889c56/build/Network/Wai/Middleware/StreamFile.o )
[ 6 of 22] Compiling Network.Wai.Middleware.HttpAuth ( Network/Wai/Middleware/HttpAuth.hs, dist/dist-sandbox-b8889c56/build/Network/Wai/Middleware/HttpAuth.o )
[ 7 of 22] Compiling Network.Wai.Middleware.Vhost ( Network/Wai/Middleware/Vhost.hs, dist/dist-sandbox-b8889c56/build/Network/Wai/Middleware/Vhost.o )
[ 8 of 22] Compiling Network.Wai.Middleware.Rewrite ( Network/Wai/Middleware/Rewrite.hs, dist/dist-sandbox-b8889c56/build/Network/Wai/Middleware/Rewrite.o )
[ 9 of 22] Compiling Network.Wai.Middleware.MethodOverridePost ( Network/Wai/Middleware/MethodOverridePost.hs, dist/dist-sandbox-b8889c56/build/Network/Wai/Middleware/MethodOverridePost.o )
[10 of 22] Compiling Network.Wai.Middleware.MethodOverride ( Network/Wai/Middleware/MethodOverride.hs, dist/dist-sandbox-b8889c56/build/Network/Wai/Middleware/MethodOverride.o )
[11 of 22] Compiling Network.Wai.Middleware.Jsonp ( Network/Wai/Middleware/Jsonp.hs, dist/dist-sandbox-b8889c56/build/Network/Wai/Middleware/Jsonp.o )

Network/Wai/Middleware/Jsonp.hs:22:1: Warning:
    The import of ‘Builder’
    from module ‘Blaze.ByteString.Builder’ is redundant

Network/Wai/Middleware/Jsonp.hs:28:1: Warning:
    The import of ‘Data.CaseInsensitive’ is redundant
      except perhaps to import instances from ‘Data.CaseInsensitive’
    To import instances alone, use: import Data.CaseInsensitive()

Network/Wai/Middleware/Jsonp.hs:29:1: Warning:
    The import of ‘Network.HTTP.Types’ is redundant
      except perhaps to import instances from ‘Network.HTTP.Types’
    To import instances alone, use: import Network.HTTP.Types()

Network/Wai/Middleware/Jsonp.hs:85:13: Warning:
    A do-notation statement discarded a result of type ‘a’
    Suppress this warning by saying ‘_ <- body sendChunk flush’
    or by using the flag -fno-warn-unused-do-bind
[12 of 22] Compiling Network.Wai.Middleware.Gzip ( Network/Wai/Middleware/Gzip.hs, dist/dist-sandbox-b8889c56/build/Network/Wai/Middleware/Gzip.o )

Network/Wai/Middleware/Gzip.hs:33:1: Warning:
    The import of ‘Control.Monad.IO.Class’ is redundant
      except perhaps to import instances from ‘Control.Monad.IO.Class’
    To import instances alone, use: import Control.Monad.IO.Class()

Network/Wai/Middleware/Gzip.hs:34:1: Warning:
    The import of ‘Control.Monad.Trans.Resource’ is redundant
      except perhaps to import instances from ‘Control.Monad.Trans.Resource’
    To import instances alone, use: import Control.Monad.Trans.Resource()

Network/Wai/Middleware/Gzip.hs:121:43: Warning:
    This binding for ‘e’ shadows the existing binding
      bound at Network/Wai/Middleware/Gzip.hs:103:5

Network/Wai/Middleware/Gzip.hs:152:33: Warning:
    Defined but not used: ‘blazeFinish’

Network/Wai/Middleware/Gzip.hs:167:29: Warning:
    This binding for ‘res’ shadows the existing binding
      bound at Network/Wai/Middleware/Gzip.hs:147:15
[13 of 22] Compiling Network.Wai.Middleware.RequestLogger.Internal ( Network/Wai/Middleware/RequestLogger/Internal.hs, dist/dist-sandbox-b8889c56/build/Network/Wai/Middleware/RequestLogger/Internal.o )

Network/Wai/Middleware/RequestLogger/Internal.hs:11:1: Warning:
    The import of ‘Control.Concurrent’ is redundant
      except perhaps to import instances from ‘Control.Concurrent’
    To import instances alone, use: import Control.Concurrent()

Network/Wai/Middleware/RequestLogger/Internal.hs:12:1: Warning:
    The import of ‘Control.Monad’ is redundant
      except perhaps to import instances from ‘Control.Monad’
    To import instances alone, use: import Control.Monad()

Network/Wai/Middleware/RequestLogger/Internal.hs:21:15: Warning:
    Defined but not used: ‘flusher’

Network/Wai/Middleware/RequestLogger/Internal.hs:22:14: Warning:
    Defined but not used: ‘updater’
[14 of 22] Compiling Network.Wai.Parse ( Network/Wai/Parse.hs, dist/dist-sandbox-b8889c56/build/Network/Wai/Parse.o )
[15 of 22] Compiling Network.Wai.Middleware.RequestLogger ( Network/Wai/Middleware/RequestLogger.hs, dist/dist-sandbox-b8889c56/build/Network/Wai/Middleware/RequestLogger.o )
[16 of 22] Compiling Network.Wai.Middleware.Local ( Network/Wai/Middleware/Local.hs, dist/dist-sandbox-b8889c56/build/Network/Wai/Middleware/Local.o )
[17 of 22] Compiling Network.Wai.Middleware.CleanPath ( Network/Wai/Middleware/CleanPath.hs, dist/dist-sandbox-b8889c56/build/Network/Wai/Middleware/CleanPath.o )
[18 of 22] Compiling Network.Wai.Middleware.Autohead ( Network/Wai/Middleware/Autohead.hs, dist/dist-sandbox-b8889c56/build/Network/Wai/Middleware/Autohead.o )
[19 of 22] Compiling Network.Wai.Middleware.AddHeaders ( Network/Wai/Middleware/AddHeaders.hs, dist/dist-sandbox-b8889c56/build/Network/Wai/Middleware/AddHeaders.o )
[20 of 22] Compiling Network.Wai.Middleware.AcceptOverride ( Network/Wai/Middleware/AcceptOverride.hs, dist/dist-sandbox-b8889c56/build/Network/Wai/Middleware/AcceptOverride.o )
[21 of 22] Compiling Network.Wai.Handler.CGI ( Network/Wai/Handler/CGI.hs, dist/dist-sandbox-b8889c56/build/Network/Wai/Handler/CGI.o )
[22 of 22] Compiling Network.Wai.Handler.SCGI ( Network/Wai/Handler/SCGI.hs, dist/dist-sandbox-b8889c56/build/Network/Wai/Handler/SCGI.o )
In-place registering wai-extra-3.0.4.1...
Creating package registration file:
/var/folders/qd/vm7f_fl17q1gd05l263b9g440000gn/T/pkgConf-wai-extra-3.0.434682.1
Installing library in
/Users/orodio/haskell/hello-scotty/.cabal-sandbox/lib/x86_64-osx-ghc-7.8.4/wai-extra-3.0.4.1
Registering wai-extra-3.0.4.1...
