Configuring hashable-1.2.3.1...
Building hashable-1.2.3.1...
Preprocessing library hashable-1.2.3.1...
[1 of 3] Compiling Data.Hashable.Class ( Data/Hashable/Class.hs, dist/dist-sandbox-4dfddaf6/build/Data/Hashable/Class.o )

Data/Hashable/Class.hs:211:11: Warning:
    In the use of ‘bitSize’ (imported from Data.Bits):
    Deprecated: "Use 'bitSizeMaybe' or 'finiteBitSize' instead"

Data/Hashable/Class.hs:234:11: Warning:
    In the use of ‘bitSize’ (imported from Data.Bits):
    Deprecated: "Use 'bitSizeMaybe' or 'finiteBitSize' instead"
[2 of 3] Compiling Data.Hashable.Generic ( Data/Hashable/Generic.hs, dist/dist-sandbox-4dfddaf6/build/Data/Hashable/Generic.o )

Data/Hashable/Generic.hs:20:1: Warning:
    The import of ‘Bits’ from module ‘Data.Bits’ is redundant
[3 of 3] Compiling Data.Hashable    ( Data/Hashable.hs, dist/dist-sandbox-4dfddaf6/build/Data/Hashable.o )
In-place registering hashable-1.2.3.1...
Creating package registration file:
/var/folders/qd/vm7f_fl17q1gd05l263b9g440000gn/T/pkgConf-hashable-1.2.345738.1
Installing library in
/Users/orodio/haskell/dia/.cabal-sandbox/lib/x86_64-osx-ghc-7.8.4/hashable-1.2.3.1
Registering hashable-1.2.3.1...
